[46415575ms] [ERROR] WebSocket connection to 'wss://web-production-8bd2f.up.railway.app/socket.io/?EIO=4&transport=websocket&sid=xXEe0mtbrFpEiDeoAAB0' failed: Error during WebSocket handshake: net::ERR_CONNECTION_RESET @ https://web-production-8bd2f.up.railway.app/socket.io/socket.io.js:1481
[46415804ms] [ERROR] Failed to load resource: net::ERR_NETWORK_CHANGED @ https://web-production-8bd2f.up.railway.app/socket.io/?EIO=4&transport=polling&t=euqzmvm7&sid=xXEe0mtbrFpEiDeoAAB0:0
[46415805ms] [ERROR] Failed to load resource: net::ERR_NETWORK_CHANGED @ https://web-production-8bd2f.up.railway.app/socket.io/?EIO=4&transport=polling&t=euqznair&sid=xXEe0mtbrFpEiDeoAAB0:0
[46415949ms] [ERROR] Failed to load resource: the server responded with a status of 400 () @ https://web-production-8bd2f.up.railway.app/socket.io/?EIO=4&transport=polling&t=fe31og2p&sid=xXEe0mtbrFpEiDeoAAB0:0
[65585162ms] [ERROR] Failed to load resource: net::ERR_NAME_NOT_RESOLVED @ https://web-production-8bd2f.up.railway.app/socket.io/?EIO=4&transport=polling&t=qsy5xcbf:0
[76522899ms] [ERROR] Failed to load resource: net::ERR_NETWORK_CHANGED @ https://web-production-8bd2f.up.railway.app/socket.io/?EIO=4&transport=polling&t=xbdpzwnq:0
[99277569ms] [ERROR] Failed to load resource: net::ERR_NETWORK_CHANGED @ https://web-production-8bd2f.up.railway.app/socket.io/?EIO=4&transport=polling&t=aslqwkwq:0
[102937475ms] [ERROR] Failed to load resource: net::ERR_NETWORK_CHANGED @ https://web-production-8bd2f.up.railway.app/socket.io/?EIO=4&transport=polling&t=d1jfqj2o&sid=oLyPBiNfOZ39FoMFAAHu:0
[102937476ms] [WARNING] WebSocket connection to 'wss://web-production-8bd2f.up.railway.app/socket.io/?EIO=4&transport=websocket&sid=oLyPBiNfOZ39FoMFAAHu' failed: WebSocket is closed before the connection is established. @ https://web-production-8bd2f.up.railway.app/socket.io/socket.io.js:1435
[102937477ms] [ERROR] Failed to load resource: net::ERR_NETWORK_CHANGED @ https://web-production-8bd2f.up.railway.app/socket.io/?EIO=4&transport=polling&t=d1jfxjv6&sid=dykvFTrF26HDFxG4AAHv:0
[102937478ms] [WARNING] WebSocket connection to 'wss://web-production-8bd2f.up.railway.app/socket.io/?EIO=4&transport=websocket&sid=dykvFTrF26HDFxG4AAHv' failed: WebSocket is closed before the connection is established. @ https://web-production-8bd2f.up.railway.app/socket.io/socket.io.js:1435
[105139185ms] [ERROR] Failed to load resource: net::ERR_NETWORK_CHANGED @ https://web-production-8bd2f.up.railway.app/socket.io/?EIO=4&transport=polling&t=eburd7bz:0
[106597289ms] [ERROR] Failed to load resource: net::ERR_NETWORK_CHANGED @ https://web-production-8bd2f.up.railway.app/socket.io/?EIO=4&transport=polling&t=f7zcyntn&sid=uHJB8zEzJS49a0kCAAIP:0
[106597291ms] [WARNING] WebSocket connection to 'wss://web-production-8bd2f.up.railway.app/socket.io/?EIO=4&transport=websocket&sid=uHJB8zEzJS49a0kCAAIP' failed: WebSocket is closed before the connection is established. @ https://web-production-8bd2f.up.railway.app/socket.io/socket.io.js:1435
[106597291ms] [ERROR] Failed to load resource: net::ERR_NETWORK_CHANGED @ https://web-production-8bd2f.up.railway.app/socket.io/?EIO=4&transport=polling&t=f7zczwp8&sid=uHJB8zEzJS49a0kCAAIP:0
[113654787ms] [ERROR] Failed to load resource: net::ERR_NETWORK_CHANGED @ https://web-production-8bd2f.up.railway.app/socket.io/?EIO=4&transport=polling&t=jf8j8hbg:0
[113654788ms] [ERROR] Failed to load resource: net::ERR_NETWORK_CHANGED @ https://web-production-8bd2f.up.railway.app/socket.io/?EIO=4&transport=polling&t=jf8o5udr:0
[116053847ms] [ERROR] Failed to load resource: net::ERR_NETWORK_CHANGED @ https://web-production-8bd2f.up.railway.app/socket.io/?EIO=4&transport=polling&t=kuo2aict&sid=RX4rmiPCMjTK2-KXAAJW:0
[116053847ms] [ERROR] Failed to load resource: net::ERR_NETWORK_CHANGED @ https://web-production-8bd2f.up.railway.app/socket.io/?EIO=4&transport=polling&t=kuo2c30s&sid=RX4rmiPCMjTK2-KXAAJW:0
[116053849ms] [WARNING] WebSocket connection to 'wss://web-production-8bd2f.up.railway.app/socket.io/?EIO=4&transport=websocket&sid=RX4rmiPCMjTK2-KXAAJW' failed: WebSocket is closed before the connection is established. @ https://web-production-8bd2f.up.railway.app/socket.io/socket.io.js:1435
[123072187ms] [ERROR] Failed to load resource: net::ERR_NETWORK_CHANGED @ https://web-production-8bd2f.up.railway.app/socket.io/?EIO=4&transport=polling&t=ohqcry2p&sid=_iRojrmqfSi6fzH4AAJ0:0
[123072188ms] [ERROR] Failed to load resource: net::ERR_NETWORK_CHANGED @ https://web-production-8bd2f.up.railway.app/socket.io/?EIO=4&transport=polling&t=ohpm4ruc:0
[123072188ms] [ERROR] Failed to load resource: net::ERR_NETWORK_CHANGED @ https://web-production-8bd2f.up.railway.app/socket.io/?EIO=4&transport=polling&t=ohqct3kv&sid=_iRojrmqfSi6fzH4AAJ0:0
[135808982ms] [ERROR] Failed to load resource: net::ERR_NETWORK_CHANGED @ https://web-production-8bd2f.up.railway.app/socket.io/?EIO=4&transport=polling&t=wm36rxoj:0
[141259521ms] [ERROR] Failed to load resource: net::ERR_NETWORK_CHANGED @ https://web-production-8bd2f.up.railway.app/socket.io/?EIO=4&transport=polling&t=zuwvfjtp&sid=nsOVam_gkWpGH6thAAN5:0
[141259524ms] [WARNING] WebSocket connection to 'wss://web-production-8bd2f.up.railway.app/socket.io/?EIO=4&transport=websocket&sid=nsOVam_gkWpGH6thAAN5' failed: WebSocket is closed before the connection is established. @ https://web-production-8bd2f.up.railway.app/socket.io/socket.io.js:1435
[141259996ms] [ERROR] Failed to load resource: net::ERR_NETWORK_CHANGED @ https://web-production-8bd2f.up.railway.app/socket.io/?EIO=4&transport=polling&t=zux8zo2s:0
[157703294ms] [ERROR] Failed to load resource: net::ERR_INTERNET_DISCONNECTED @ https://web-production-8bd2f.up.railway.app/socket.io/?EIO=4&transport=polling&t=9nd07gd7:0
[157704618ms] [ERROR] Failed to load resource: net::ERR_INTERNET_DISCONNECTED @ https://web-production-8bd2f.up.railway.app/socket.io/?EIO=4&transport=polling&t=9ne1cvhs:0
[161347051ms] [ERROR] Failed to load resource: net::ERR_NETWORK_CHANGED @ https://web-production-8bd2f.up.railway.app/socket.io/?EIO=4&transport=polling&t=bep6uiom&sid=qWppEGR1URKlXAV1AASD:0
[161858513ms] [ERROR] Failed to load resource: net::ERR_NETWORK_CHANGED @ https://web-production-8bd2f.up.railway.app/socket.io/?EIO=4&transport=polling&t=c4f4q6d1&sid=RaHPnTDCBC1F9EAtAASl:0
[177844690ms] [ERROR] Failed to load resource: net::ERR_NETWORK_CHANGED @ https://web-production-8bd2f.up.railway.app/socket.io/?EIO=4&transport=polling&t=ln26qduz&sid=DFCGw1ygtZ3pydsTAAUQ:0
[177844692ms] [WARNING] WebSocket connection to 'wss://web-production-8bd2f.up.railway.app/socket.io/?EIO=4&transport=websocket&sid=DFCGw1ygtZ3pydsTAAUQ' failed: WebSocket is closed before the connection is established. @ https://web-production-8bd2f.up.railway.app/socket.io/socket.io.js:1435
[177844692ms] [ERROR] Failed to load resource: net::ERR_NETWORK_CHANGED @ https://web-production-8bd2f.up.railway.app/socket.io/?EIO=4&transport=polling&t=ln26tbk4&sid=DFCGw1ygtZ3pydsTAAUQ:0
[194554918ms] [ERROR] Failed to load resource: net::ERR_CERT_AUTHORITY_INVALID @ https://web-production-8bd2f.up.railway.app/socket.io/?EIO=4&transport=polling&t=vl6vbsiv:0
[194555983ms] [ERROR] Failed to load resource: net::ERR_CERT_AUTHORITY_INVALID @ https://web-production-8bd2f.up.railway.app/socket.io/?EIO=4&transport=polling&t=vl705due:0
[194561537ms] [ERROR] Failed to load resource: net::ERR_CERT_AUTHORITY_INVALID @ https://web-production-8bd2f.up.railway.app/socket.io/?EIO=4&transport=polling&t=vla22ajj:0
[194562484ms] [ERROR] Failed to load resource: net::ERR_CERT_AUTHORITY_INVALID @ https://web-production-8bd2f.up.railway.app/socket.io/?EIO=4&transport=polling&t=vlaqb516:0
[194567180ms] [ERROR] Failed to load resource: net::ERR_CERT_AUTHORITY_INVALID @ https://web-production-8bd2f.up.railway.app/socket.io/?EIO=4&transport=polling&t=vleqk9ga:0
[194567842ms] [ERROR] Failed to load resource: net::ERR_CERT_AUTHORITY_INVALID @ https://web-production-8bd2f.up.railway.app/socket.io/?EIO=4&transport=polling&t=vlfwja13:0
[194573150ms] [ERROR] Failed to load resource: net::ERR_ADDRESS_INVALID @ https://web-production-8bd2f.up.railway.app/socket.io/?EIO=4&transport=polling&t=vllqz273:0
[194573203ms] [ERROR] Failed to load resource: net::ERR_NETWORK_CHANGED @ https://web-production-8bd2f.up.railway.app/socket.io/?EIO=4&transport=polling&t=vll8ouro:0
